<?xml version="1.0" encoding="UTF-8"?>
<robot generator="Robot 4.1.3 (Python 3.8.10 on linux)" generated="20220124 09:03:13.350" rpa="false" schemaversion="2">
<suite id="s1" name="Smoketest" source="/tmp/tmpkufrdgnz/test/tests/smoketest.robot">
<test id="s1-t1" name="Smoketest">
<kw name="Setup Smoketest" type="SETUP">
<kw name="Login" library="odoo_13_ee">
<kw name="Open New Browser" library="odoo_13_ee">
<var>${browser_id}</var>
<arg>${url}</arg>
<kw name="Set Selenium Speed" library="SeleniumLibrary">
<arg>0.5</arg>
<doc>Sets the delay that is waited after each Selenium command.</doc>
<status status="PASS" starttime="20220124 09:03:13.484" endtime="20220124 09:03:13.484"/>
</kw>
<kw name="Set Selenium Timeout" library="SeleniumLibrary">
<arg>${SELENIUM_TIMEOUT}</arg>
<doc>Sets the timeout that is used by various keywords.</doc>
<status status="PASS" starttime="20220124 09:03:13.484" endtime="20220124 09:03:13.484"/>
</kw>
<kw name="Log To Console" library="BuiltIn">
<arg>${url}</arg>
<doc>Logs the given message to the console.</doc>
<status status="PASS" starttime="20220124 09:03:13.484" endtime="20220124 09:03:13.484"/>
</kw>
<kw name="Get Driver For Browser" library="browser">
<var>${browser_id}</var>
<arg>headlesschrome</arg>
<arg>/tmp/tmpkufrdgnz/test/tests/keywords${/}..${/}tests/download</arg>
<msg timestamp="20220124 09:03:13.485" level="INFO">Creating an instance of the Chrome WebDriver.</msg>
<msg timestamp="20220124 09:03:13.497" level="FAIL">OSError: [Errno 8] Exec format error: 'chromedriver'</msg>
<status status="FAIL" starttime="20220124 09:03:13.485" endtime="20220124 09:03:13.497"/>
</kw>
<kw name="Set Window Size" library="SeleniumLibrary">
<arg>1920</arg>
<arg>1080</arg>
<doc>Sets current windows size to given ``width`` and ``height``.</doc>
<status status="NOT RUN" starttime="20220124 09:03:13.498" endtime="20220124 09:03:13.498"/>
</kw>
<kw name="Go To" library="SeleniumLibrary">
<arg>${url}</arg>
<doc>Navigates the current browser window to the provided ``url``.</doc>
<status status="NOT RUN" starttime="20220124 09:03:13.498" endtime="20220124 09:03:13.498"/>
</kw>
<kw name="Capture Page Screenshot" library="SeleniumLibrary">
<doc>Takes a screenshot of the current page and embeds it into a log file.</doc>
<status status="NOT RUN" starttime="20220124 09:03:13.498" endtime="20220124 09:03:13.498"/>
</kw>
<status status="FAIL" starttime="20220124 09:03:13.484" endtime="20220124 09:03:13.498"/>
</kw>
<kw name="Capture Page Screenshot" library="SeleniumLibrary">
<doc>Takes a screenshot of the current page and embeds it into a log file.</doc>
<status status="NOT RUN" starttime="20220124 09:03:13.498" endtime="20220124 09:03:13.498"/>
</kw>
<kw name="Wait Until Element Is Visible" library="SeleniumLibrary">
<arg>name=login</arg>
<doc>Waits until the element ``locator`` is visible.</doc>
<status status="NOT RUN" starttime="20220124 09:03:13.498" endtime="20220124 09:03:13.498"/>
</kw>
<kw name="Log To Console" library="BuiltIn">
<arg>Input is visible, now entering credentials for user ${user} with password ${password}</arg>
<doc>Logs the given message to the console.</doc>
<status status="NOT RUN" starttime="20220124 09:03:13.498" endtime="20220124 09:03:13.498"/>
</kw>
<kw name="Execute Javascript" library="SeleniumLibrary">
<arg>$("input[name=login]").val('${user}');</arg>
<doc>Executes the given JavaScript code with possible arguments.</doc>
<status status="NOT RUN" starttime="20220124 09:03:13.498" endtime="20220124 09:03:13.498"/>
</kw>
<kw name="Execute Javascript" library="SeleniumLibrary">
<arg>$("input[name=password]").val('${password}');</arg>
<doc>Executes the given JavaScript code with possible arguments.</doc>
<status status="NOT RUN" starttime="20220124 09:03:13.498" endtime="20220124 09:03:13.498"/>
</kw>
<kw name="Log To Console" library="BuiltIn">
<arg>Clicking Login</arg>
<doc>Logs the given message to the console.</doc>
<status status="NOT RUN" starttime="20220124 09:03:13.498" endtime="20220124 09:03:13.498"/>
</kw>
<kw name="Capture Page Screenshot" library="SeleniumLibrary">
<doc>Takes a screenshot of the current page and embeds it into a log file.</doc>
<status status="NOT RUN" starttime="20220124 09:03:13.498" endtime="20220124 09:03:13.498"/>
</kw>
<kw name="Click Button" library="SeleniumLibrary">
<arg>xpath=//form[@class='oe_login_form']//button[@type='submit']</arg>
<doc>Clicks the button identified by ``locator``.</doc>
<status status="NOT RUN" starttime="20220124 09:03:13.499" endtime="20220124 09:03:13.499"/>
</kw>
<kw name="Log To Console" library="BuiltIn">
<arg>Clicked login button - waiting</arg>
<doc>Logs the given message to the console.</doc>
<status status="NOT RUN" starttime="20220124 09:03:13.499" endtime="20220124 09:03:13.499"/>
</kw>
<kw name="Capture Page Screenshot" library="SeleniumLibrary">
<doc>Takes a screenshot of the current page and embeds it into a log file.</doc>
<status status="NOT RUN" starttime="20220124 09:03:13.499" endtime="20220124 09:03:13.499"/>
</kw>
<kw name="Wait Until Page Contains Element" library="SeleniumLibrary">
<arg>xpath=//span[contains(@class, 'oe_topbar_name')]</arg>
<arg>timeout=10 sec</arg>
<doc>Waits until the element ``locator`` appears on the current page.</doc>
<status status="NOT RUN" starttime="20220124 09:03:13.499" endtime="20220124 09:03:13.499"/>
</kw>
<kw name="ElementPostCheck" library="odoo_13_ee">
<status status="NOT RUN" starttime="20220124 09:03:13.499" endtime="20220124 09:03:13.499"/>
</kw>
<kw name="Log To Console" library="BuiltIn">
<arg>Logged In - continuing</arg>
<doc>Logs the given message to the console.</doc>
<status status="NOT RUN" starttime="20220124 09:03:13.499" endtime="20220124 09:03:13.499"/>
</kw>
<status status="FAIL" starttime="20220124 09:03:13.484" endtime="20220124 09:03:13.499"/>
</kw>
<status status="FAIL" starttime="20220124 09:03:13.484" endtime="20220124 09:03:13.499"/>
</kw>
<status status="FAIL" starttime="20220124 09:03:13.483" endtime="20220124 09:03:13.499">Setup failed:
OSError: [Errno 8] Exec format error: 'chromedriver'</status>
</test>
<doc>Smoketest</doc>
<status status="FAIL" starttime="20220124 09:03:13.351" endtime="20220124 09:03:13.500"/>
</suite>
<statistics>
<total>
<stat pass="0" fail="1" skip="0">All Tests</stat>
</total>
<tag>
</tag>
<suite>
<stat pass="0" fail="1" skip="0" id="s1" name="Smoketest">Smoketest</stat>
</suite>
</statistics>
<errors>
</errors>
</robot>
