<?xml version="1.0" encoding="UTF-8"?>
<robot generator="Robot 4.1.3 (Python 3.8.10 on linux)" generated="20220124 11:17:43.010" rpa="false" schemaversion="2">
<suite id="s1" name="Smoketest" source="/tmp/tmp7lh8afmv/test/tests/smoketest.robot">
<test id="s1-t1" name="Smoketest">
<kw name="Setup Smoketest" type="SETUP">
<kw name="Login" library="odoo_13_ee">
<kw name="Open New Browser" library="odoo_13_ee">
<var>${browser_id}</var>
<arg>${url}</arg>
<kw name="Set Selenium Speed" library="SeleniumLibrary">
<arg>0.5</arg>
<doc>Sets the delay that is waited after each Selenium command.</doc>
<status status="PASS" starttime="20220124 11:17:43.138" endtime="20220124 11:17:43.139"/>
</kw>
<kw name="Set Selenium Timeout" library="SeleniumLibrary">
<arg>${SELENIUM_TIMEOUT}</arg>
<doc>Sets the timeout that is used by various keywords.</doc>
<status status="PASS" starttime="20220124 11:17:43.139" endtime="20220124 11:17:43.139"/>
</kw>
<kw name="Log To Console" library="BuiltIn">
<arg>${url}</arg>
<doc>Logs the given message to the console.</doc>
<status status="PASS" starttime="20220124 11:17:43.139" endtime="20220124 11:17:43.139"/>
</kw>
<kw name="Get Driver For Browser" library="browser">
<var>${browser_id}</var>
<arg>headlesschrome</arg>
<arg>/tmp/tmp7lh8afmv/test/tests/keywords${/}..${/}tests/download</arg>
<msg timestamp="20220124 11:17:43.139" level="INFO">Creating an instance of the Chrome WebDriver.</msg>
<msg timestamp="20220124 11:17:43.915" level="INFO">${browser_id} = 1</msg>
<status status="PASS" starttime="20220124 11:17:43.139" endtime="20220124 11:17:43.915"/>
</kw>
<kw name="Set Window Size" library="SeleniumLibrary">
<arg>1920</arg>
<arg>1080</arg>
<doc>Sets current windows size to given ``width`` and ``height``.</doc>
<status status="PASS" starttime="20220124 11:17:43.915" endtime="20220124 11:17:44.019"/>
</kw>
<kw name="Go To" library="SeleniumLibrary">
<arg>${url}</arg>
<doc>Navigates the current browser window to the provided ``url``.</doc>
<msg timestamp="20220124 11:17:44.019" level="INFO">Opening url 'http://proxy/web/login'</msg>
<status status="PASS" starttime="20220124 11:17:44.019" endtime="20220124 11:17:44.252"/>
</kw>
<kw name="Capture Page Screenshot" library="SeleniumLibrary">
<doc>Takes a screenshot of the current page and embeds it into a log file.</doc>
<msg timestamp="20220124 11:17:44.394" level="INFO" html="true">&lt;/td&gt;&lt;/tr&gt;&lt;tr&gt;&lt;td colspan="3"&gt;&lt;a href="selenium-screenshot-1.png"&gt;&lt;img src="selenium-screenshot-1.png" width="800px"&gt;&lt;/a&gt;</msg>
<status status="PASS" starttime="20220124 11:17:44.253" endtime="20220124 11:17:44.395"/>
</kw>
<msg timestamp="20220124 11:17:44.395" level="INFO">${browser_id} = 1</msg>
<status status="PASS" starttime="20220124 11:17:43.138" endtime="20220124 11:17:44.395"/>
</kw>
<kw name="Capture Page Screenshot" library="SeleniumLibrary">
<doc>Takes a screenshot of the current page and embeds it into a log file.</doc>
<msg timestamp="20220124 11:17:44.504" level="INFO" html="true">&lt;/td&gt;&lt;/tr&gt;&lt;tr&gt;&lt;td colspan="3"&gt;&lt;a href="selenium-screenshot-2.png"&gt;&lt;img src="selenium-screenshot-2.png" width="800px"&gt;&lt;/a&gt;</msg>
<status status="PASS" starttime="20220124 11:17:44.395" endtime="20220124 11:17:44.504"/>
</kw>
<kw name="Wait Until Element Is Visible" library="SeleniumLibrary">
<arg>name=login</arg>
<doc>Waits until the element ``locator`` is visible.</doc>
<status status="PASS" starttime="20220124 11:17:44.504" endtime="20220124 11:17:44.521"/>
</kw>
<kw name="Log To Console" library="BuiltIn">
<arg>Input is visible, now entering credentials for user ${user} with password ${password}</arg>
<doc>Logs the given message to the console.</doc>
<status status="PASS" starttime="20220124 11:17:44.521" endtime="20220124 11:17:44.521"/>
</kw>
<kw name="Execute Javascript" library="SeleniumLibrary">
<arg>$("input[name=login]").val('${user}');</arg>
<doc>Executes the given JavaScript code with possible arguments.</doc>
<msg timestamp="20220124 11:17:44.521" level="INFO">Executing JavaScript:
$("input[name=login]").val('admin');
Without any arguments.</msg>
<status status="PASS" starttime="20220124 11:17:44.521" endtime="20220124 11:17:44.526"/>
</kw>
<kw name="Execute Javascript" library="SeleniumLibrary">
<arg>$("input[name=password]").val('${password}');</arg>
<doc>Executes the given JavaScript code with possible arguments.</doc>
<msg timestamp="20220124 11:17:44.526" level="INFO">Executing JavaScript:
$("input[name=password]").val('1');
Without any arguments.</msg>
<status status="PASS" starttime="20220124 11:17:44.526" endtime="20220124 11:17:44.529"/>
</kw>
<kw name="Log To Console" library="BuiltIn">
<arg>Clicking Login</arg>
<doc>Logs the given message to the console.</doc>
<status status="PASS" starttime="20220124 11:17:44.530" endtime="20220124 11:17:44.530"/>
</kw>
<kw name="Capture Page Screenshot" library="SeleniumLibrary">
<doc>Takes a screenshot of the current page and embeds it into a log file.</doc>
<msg timestamp="20220124 11:17:44.626" level="INFO" html="true">&lt;/td&gt;&lt;/tr&gt;&lt;tr&gt;&lt;td colspan="3"&gt;&lt;a href="selenium-screenshot-3.png"&gt;&lt;img src="selenium-screenshot-3.png" width="800px"&gt;&lt;/a&gt;</msg>
<status status="PASS" starttime="20220124 11:17:44.530" endtime="20220124 11:17:44.626"/>
</kw>
<kw name="Click Button" library="SeleniumLibrary">
<arg>xpath=//form[@class='oe_login_form']//button[@type='submit']</arg>
<doc>Clicks the button identified by ``locator``.</doc>
<msg timestamp="20220124 11:17:44.627" level="INFO">Clicking button 'xpath=//form[@class='oe_login_form']//button[@type='submit']'.</msg>
<status status="PASS" starttime="20220124 11:17:44.627" endtime="20220124 11:17:49.858"/>
</kw>
<kw name="Log To Console" library="BuiltIn">
<arg>Clicked login button - waiting</arg>
<doc>Logs the given message to the console.</doc>
<status status="PASS" starttime="20220124 11:17:49.858" endtime="20220124 11:17:49.858"/>
</kw>
<kw name="Capture Page Screenshot" library="SeleniumLibrary">
<doc>Takes a screenshot of the current page and embeds it into a log file.</doc>
<msg timestamp="20220124 11:17:50.009" level="INFO" html="true">&lt;/td&gt;&lt;/tr&gt;&lt;tr&gt;&lt;td colspan="3"&gt;&lt;a href="selenium-screenshot-4.png"&gt;&lt;img src="selenium-screenshot-4.png" width="800px"&gt;&lt;/a&gt;</msg>
<status status="PASS" starttime="20220124 11:17:49.859" endtime="20220124 11:17:50.009"/>
</kw>
<kw name="Wait Until Page Contains Element" library="SeleniumLibrary">
<arg>xpath=//span[contains(@class, 'oe_topbar_name')]</arg>
<arg>timeout=10 sec</arg>
<doc>Waits until the element ``locator`` appears on the current page.</doc>
<msg timestamp="20220124 11:18:00.196" level="INFO" html="true">&lt;/td&gt;&lt;/tr&gt;&lt;tr&gt;&lt;td colspan="3"&gt;&lt;a href="selenium-screenshot-5.png"&gt;&lt;img src="selenium-screenshot-5.png" width="800px"&gt;&lt;/a&gt;</msg>
<msg timestamp="20220124 11:18:00.199" level="FAIL">Element 'xpath=//span[contains(@class, 'oe_topbar_name')]' did not appear in 10 seconds.</msg>
<status status="FAIL" starttime="20220124 11:17:50.009" endtime="20220124 11:18:00.199"/>
</kw>
<kw name="ElementPostCheck" library="odoo_13_ee">
<status status="NOT RUN" starttime="20220124 11:18:00.200" endtime="20220124 11:18:00.200"/>
</kw>
<kw name="Log To Console" library="BuiltIn">
<arg>Logged In - continuing</arg>
<doc>Logs the given message to the console.</doc>
<status status="NOT RUN" starttime="20220124 11:18:00.200" endtime="20220124 11:18:00.200"/>
</kw>
<status status="FAIL" starttime="20220124 11:17:43.138" endtime="20220124 11:18:00.200"/>
</kw>
<status status="FAIL" starttime="20220124 11:17:43.138" endtime="20220124 11:18:00.200"/>
</kw>
<status status="FAIL" starttime="20220124 11:17:43.138" endtime="20220124 11:18:00.200">Setup failed:
Element 'xpath=//span[contains(@class, 'oe_topbar_name')]' did not appear in 10 seconds.</status>
</test>
<doc>Smoketest</doc>
<status status="FAIL" starttime="20220124 11:17:43.011" endtime="20220124 11:18:00.201"/>
</suite>
<statistics>
<total>
<stat pass="0" fail="1" skip="0">All Tests</stat>
</total>
<tag>
</tag>
<suite>
<stat pass="0" fail="1" skip="0" id="s1" name="Smoketest">Smoketest</stat>
</suite>
</statistics>
<errors>
</errors>
</robot>
